2014-08-11 17:13:40 INFO  LangCrawlThread:  An Abnormal Charset: UTF8	URL:http://www.bookroom.ir
2014-08-11 17:32:36 INFO  LangCrawlThread:  An Abnormal Charset: UTF8	URL:http://www.traviand.ir
2014-08-11 18:33:57 INFO  LangCrawlThread:  An Abnormal Charset: UTF8	URL:http://www.moqavemat.ir
2014-08-11 19:00:42 INFO  LangCrawlThread:  An Abnormal Charset: UTF8	URL:http://www.hayat.ir
2014-08-11 19:25:17 INFO  LangCrawlThread:  An Abnormal Charset: -8	URL:http://www.dpay.ir
2014-08-12 17:05:48 INFO  LangCrawlThread:  An Abnormal Charset: US-ASCII	URL:http://www.forestry.gov.uk
2014-08-12 17:14:13 INFO  LangCrawlThread:  An Abnormal Charset: ISO_8859_1	URL:http://www.ulster.ac.uk
2014-08-12 17:14:23 INFO  LangCrawlThread:  An Abnormal Charset: LATIN1	URL:http://www.tigerpens.co.uk
2014-08-12 17:17:09 INFO  LangCrawlThread:  An Abnormal Charset: UTF-8,TEXT/HTML	URL:http://www.thejewelhut.co.uk
2014-08-12 17:19:19 INFO  LangCrawlThread:  An Abnormal Charset: TIS-620	URL:http://www.palmplaza.us
2014-08-12 17:43:26 INFO  LangCrawlThread:  An Abnormal Charset: WINDOWS-31J	URL:http://www.itp.ne.jp
2014-08-12 17:44:45 INFO  LangCrawlThread:  An Abnormal Charset: WINDOWS-31J	URL:http://www.itp.ne.jp
2014-08-12 17:46:02 INFO  LangCrawlThread:  An Abnormal Charset: WINDOWS-31J	URL:http://www.joshinweb.jp
2014-08-12 17:46:12 INFO  LangCrawlThread:  An Abnormal Charset: SJIS	URL:http://www.fm-p.jp
2014-08-12 17:46:18 INFO  LangCrawlThread:  An Abnormal Charset: WINDOWS-31J	URL:http://www.asahi-net.or.jp
2014-08-12 17:46:34 INFO  LangCrawlThread:  An Abnormal Charset: WINDOWS-31J	URL:http://www.dinos.co.jp
2014-08-12 17:46:54 INFO  LangCrawlThread:  An Abnormal Charset: SJIS	URL:http://www.hmv.co.jp
2014-08-12 17:47:41 INFO  LangCrawlThread:  An Abnormal Charset: SHIFT-JIS	URL:http://www.nenkin.go.jp
2014-08-12 17:49:08 INFO  LangCrawlThread:  An Abnormal Charset: WINDOWS-31J	URL:http://www.bookoffonline.co.jp
2014-08-12 17:50:08 INFO  LangCrawlThread:  An Abnormal Charset: WINDOWS-31J	URL:http://www.hatalike.jp
2014-08-12 17:50:41 INFO  LangCrawlThread:  An Abnormal Charset: WINDOWS-31J	URL:http://www.point.jp
2014-08-12 17:51:29 INFO  LangCrawlThread:  An Abnormal Charset: WINDOWS-31J	URL:http://www.toranet.jp
2014-08-12 17:55:10 INFO  LangCrawlThread:  An Abnormal Charset: WINDOWS-31J	URL:http://www.asablo.jp
2014-08-12 17:57:47 INFO  LangCrawlThread:  An Abnormal Charset: ISO-8858-1	URL:http://www.route-inn.co.jp
2014-08-12 17:58:15 INFO  LangCrawlThread:  An Abnormal Charset: WINDOWS-31J	URL:http://www.mamastar.jp
2014-08-12 17:58:21 INFO  LangCrawlThread:  An Abnormal Charset: WINDOWS-31J	URL:http://www.entrenet.jp
2014-08-12 17:58:45 INFO  LangCrawlThread:  An Abnormal Charset: WINDOWS-31J	URL:http://www.shopjapan.co.jp
2014-08-12 17:58:52 INFO  LangCrawlThread:  An Abnormal Charset: NONE	URL:http://www.caa.go.jp
2014-08-12 17:58:57 INFO  LangCrawlThread:  An Abnormal Charset: WINDOWS-31J	URL:http://www.merumo.ne.jp
2014-08-12 18:00:04 INFO  LangCrawlThread:  An Abnormal Charset: NONE	URL:http://www.dex.ne.jp
2014-08-12 18:00:09 INFO  LangCrawlThread:  An Abnormal Charset: WINDOWS-31J	URL:http://www.komehyo.jp
2014-08-12 18:00:25 INFO  LangCrawlThread:  An Abnormal Charset: WINDOWS-31J	URL:http://www.sanyo-i.jp
2014-08-12 18:00:34 INFO  LangCrawlThread:  An Abnormal Charset: MS932	URL:http://www.beautygarage.jp
2014-08-12 18:00:52 INFO  LangCrawlThread:  An Abnormal Charset: WINDOWS-31J	URL:http://www.e-hon.ne.jp
2014-08-12 18:00:56 INFO  LangCrawlThread:  An Abnormal Charset: SHIFT-JIS	URL:http://www.logitec.co.jp
2014-08-12 18:02:45 INFO  LangCrawlThread:  An Abnormal Charset: WINDOWS-31J	URL:http://www.jcity.co.jp
2014-08-12 18:03:29 INFO  LangCrawlThread:  An Abnormal Charset: EUC_JP	URL:http://www.dorubako.jp
2014-08-12 18:03:39 INFO  LangCrawlThread:  An Abnormal Charset: NONE	URL:http://www.d-kintetsu.co.jp
2014-08-12 18:04:11 INFO  LangCrawlThread:  An Abnormal Charset: WINDOWS-31J	URL:http://www.asahi-net.jp
2014-08-12 18:06:19 INFO  LangCrawlThread:  An Abnormal Charset: SHIFT-JIS	URL:http://www.gressive.jp
2014-08-12 18:06:34 INFO  LangCrawlThread:  An Abnormal Charset: NONE	URL:http://www.foodslink.jp
2014-08-12 18:06:43 INFO  LangCrawlThread:  An Abnormal Charset: SJIS	URL:http://www.saitama-np.co.jp
2014-08-12 18:07:38 INFO  LangCrawlThread:  An Abnormal Charset: JA	URL:http://www.tomytec.co.jp
2014-08-12 18:08:01 INFO  LangCrawlThread:  An Abnormal Charset: SJIS	URL:http://www.toho.co.jp
2014-08-12 18:08:46 INFO  LangCrawlThread:  An Abnormal Charset: WINDOWS-31J	URL:http://www.ecj.jp
2014-08-12 18:09:12 INFO  LangCrawlThread:  An Abnormal Charset: ????­???³??¼???	URL:http://www.linea.co.jp
2014-08-12 18:09:19 INFO  LangCrawlThread:  An Abnormal Charset: WINDOWS-31J	URL:http://www.metlife.co.jp
2014-08-12 18:09:20 INFO  LangCrawlThread:  An Abnormal Charset: WINDOWS-31J	URL:http://www.iijmio.jp
2014-08-12 18:09:28 INFO  LangCrawlThread:  An Abnormal Charset: WINDOWS-31J	URL:http://www.aeo.jp
2014-08-12 18:10:35 INFO  LangCrawlThread:  An Abnormal Charset: NONE	URL:http://www.rec-log.jp
2014-08-12 18:10:53 INFO  LangCrawlThread:  An Abnormal Charset: MS932	URL:http://www.daimaru-matsuzakaya.jp
2014-08-12 18:11:13 INFO  LangCrawlThread:  An Abnormal Charset: SJIS	URL:http://www.sapporotoyota.co.jp
2014-08-12 18:11:28 INFO  LangCrawlThread:  An Abnormal Charset: WINDOWS-31J	URL:http://www.i-ppi.jp
2014-08-12 18:12:33 INFO  LangCrawlThread:  An Abnormal Charset: JA	URL:http://www.takaratomy-arts.co.jp
2014-08-12 18:14:01 INFO  LangCrawlThread:  An Abnormal Charset: WINDOWS-31J	URL:http://www.goodreform.jp
2014-08-12 18:14:47 INFO  LangCrawlThread:  An Abnormal Charset: WINDOWS-31J	URL:http://www.val.ne.jp
2014-08-12 18:15:14 INFO  LangCrawlThread:  An Abnormal Charset: WINDOWS-31J	URL:http://www.spinns.jp
2014-08-12 18:15:22 INFO  LangCrawlThread:  An Abnormal Charset: WINDOWS-31J	URL:http://www.astyle.jp
2014-08-12 18:16:48 INFO  LangCrawlThread:  An Abnormal Charset: WINDOWS-31J	URL:http://www.ucscard.co.jp
2014-08-12 18:25:14 INFO  LangCrawlThread:  An Abnormal Charset: WINDOWS-31J	URL:http://www.idaten.ne.jp
2014-08-12 18:25:32 INFO  LangCrawlThread:  An Abnormal Charset: SHIFT-JIS	URL:http://www.tokyo-kosha.or.jp
2014-08-12 18:27:09 INFO  LangCrawlThread:  An Abnormal Charset: SJIS	URL:http://www.kuraberu.jp
2014-08-12 18:29:13 INFO  LangCrawlThread:  An Abnormal Charset: WINDOWS-31J	URL:http://www.angeliebe.co.jp
2014-08-12 18:30:25 INFO  LangCrawlThread:  An Abnormal Charset: NONE	URL:http://www.mobilityland.co.jp
2014-08-12 18:30:46 INFO  LangCrawlThread:  An Abnormal Charset: SHIFT-JIS	URL:http://www.vap.co.jp
2014-08-12 18:31:38 INFO  LangCrawlThread:  An Abnormal Charset: OFF	URL:http://www.dxantenna.co.jp
2014-08-12 18:32:13 INFO  LangCrawlThread:  An Abnormal Charset: NONE	URL:http://www.mitelog.jp
2014-08-12 18:36:26 INFO  LangCrawlThread:  An Abnormal Charset: NONE	URL:http://www.facta.co.jp
2014-08-12 18:37:40 INFO  LangCrawlThread:  An Abnormal Charset: NONE	URL:http://www.kyowa-interior.co.jp
2014-08-12 18:37:55 INFO  LangCrawlThread:  An Abnormal Charset: WINDOWS-31J	URL:http://www.kuronekoshop.jp
2014-08-12 18:39:29 INFO  LangCrawlThread:  An Abnormal Charset: SHIFT-JIS	URL:http://www.jaeic.or.jp
2014-08-12 18:39:54 INFO  LangCrawlThread:  An Abnormal Charset: SHIFT-JIS	URL:http://www.aquarius-sports.jp
2014-08-12 18:39:59 INFO  LangCrawlThread:  An Abnormal Charset: NONE	URL:http://www.worldmodels.jp
2014-08-12 18:40:22 INFO  LangCrawlThread:  An Abnormal Charset: NONE	URL:http://www.no-trouble.go.jp
2014-08-12 18:42:01 INFO  LangCrawlThread:  An Abnormal Charset: NONE	URL:http://www.e-comtec.co.jp
2014-08-12 18:43:23 INFO  LangCrawlThread:  An Abnormal Charset: WINDOWS-31J	URL:http://www.eflora.co.jp
2014-08-12 18:45:20 INFO  LangCrawlThread:  An Abnormal Charset: WINDOWS-31J	URL:http://www.stylaonline.jp
2014-08-12 18:46:31 INFO  LangCrawlThread:  An Abnormal Charset: WINDOWS-31J	URL:http://www.unico-fan.co.jp
2014-08-12 18:46:34 INFO  LangCrawlThread:  An Abnormal Charset: SHIFT-JIS	URL:http://www.meblog.jp
2014-08-12 18:47:25 INFO  LangCrawlThread:  An Abnormal Charset: SJIS	URL:http://www.mcfh.or.jp
2014-08-12 18:48:59 INFO  LangCrawlThread:  An Abnormal Charset: WINDOWS-31J	URL:http://www.sumitomo-rd-mansionblog.jp
2014-08-12 18:49:26 INFO  LangCrawlThread:  An Abnormal Charset: WINDOWS-31J	URL:http://www.cycly.co.jp
2014-08-12 18:49:38 INFO  LangCrawlThread:  An Abnormal Charset: NONE	URL:http://www.naturalharmony.co.jp
2014-08-12 18:49:55 INFO  LangCrawlThread:  An Abnormal Charset: NONE	URL:http://www.shinkansen.co.jp
2014-08-12 18:50:53 INFO  LangCrawlThread:  An Abnormal Charset: WINDOWS-31J	URL:http://www.giga.co.jp
2014-08-12 18:52:02 INFO  LangCrawlThread:  An Abnormal Charset: WINDOWS-31J	URL:http://www.jtad.jp
2014-08-12 18:52:06 INFO  LangCrawlThread:  An Abnormal Charset: WINDOWS-31J	URL:http://www.7meal.jp
2014-08-12 18:53:38 INFO  LangCrawlThread:  An Abnormal Charset: EUC_JP	URL:http://www.kitamura-oil.co.jp
2014-08-12 18:53:41 INFO  LangCrawlThread:  An Abnormal Charset: SHIFT-JIS	URL:http://www.subject.jp
2014-08-12 19:07:47 INFO  LangCrawlThread:  An Abnormal Charset: CP-1251	URL:http://www.rusfishing.ru
2014-08-12 19:39:11 INFO  LangCrawlThread:  An Abnormal Charset: WIN-1251	URL:http://www.glavlinza.ru
2014-08-12 19:41:00 INFO  LangCrawlThread:  An Abnormal Charset: CP-1251	URL:http://www.o-go.ru
2014-08-12 19:47:15 INFO  LangCrawlThread:  An Abnormal Charset: 0	URL:http://www.hyperauto.ru
2014-08-13 10:39:31 INFO  LangCrawlThread:  An Abnormal Charset: NONE	URL:http://www.now.cn
2014-08-13 10:43:07 INFO  LangCrawlThread:  An Abnormal Charset: ISO-2022	URL:http://www.gdut.edu.cn
2014-08-13 10:56:48 INFO  LangCrawlThread:  An Abnormal Charset: NULL	URL:http://www.dl.gov.cn
2014-08-13 11:11:06 INFO  LangCrawlThread:  An Abnormal Charset: GB18080	URL:http://www.etest.net.cn
2014-08-13 11:16:33 INFO  LangCrawlThread:  An Abnormal Charset: GB2312,UTF-8	URL:http://www.ccmn.cn
2014-08-13 13:14:21 INFO  LangCrawlThread:  An Abnormal Charset: US-ASCII	URL:http://www.liqui-moly.de
2014-08-13 13:20:16 INFO  LangCrawlThread:  An Abnormal Charset: TIS-620	URL:http://www.watchlakorn.in
2014-08-13 13:38:31 INFO  LangCrawlThread:  An Abnormal Charset: ISO-8859	URL:http://www.abp.in
